GROUP,PACKAGE,CLASS,INSTRUCTION_MISSED,INSTRUCTION_COVERED,BRANCH_MISSED,BRANCH_COVERED,LINE_MISSED,LINE_COVERED,COMPLEXITY_MISSED,COMPLEXITY_COVERED,METHOD_MISSED,METHOD_COVERED
event-planner-mini,edu.course.eventplanner,Main,222,107,21,10,77,32,18,10,2,6
event-planner-mini,edu.course.eventplanner.model,Venue,0,33,0,0,0,12,0,6,0,6
event-planner-mini,edu.course.eventplanner.model,Task,0,9,0,0,0,2,0,2,0,2
event-planner-mini,edu.course.eventplanner.model,Guest,0,15,0,0,0,6,0,3,0,3
event-planner-mini,edu.course.eventplanner.service,VenueSelector,15,90,4,14,1,19,3,8,0,2
event-planner-mini,edu.course.eventplanner.service,SeatingPlanner,5,115,2,16,1,27,2,9,0,2
event-planner-mini,edu.course.eventplanner.service,TaskManager,0,59,0,4,0,15,0,7,0,5
event-planner-mini,edu.course.eventplanner.service,GuestListManager,0,98,0,4,0,22,0,10,0,8
event-planner-mini,edu.course.eventplanner.util,Generators,3,72,0,2,1,6,1,3,1,2
