GROUP,PACKAGE,CLASS,INSTRUCTION_MISSED,INSTRUCTION_COVERED,BRANCH_MISSED,BRANCH_COVERED,LINE_MISSED,LINE_COVERED,COMPLEXITY_MISSED,COMPLEXITY_COVERED,METHOD_MISSED,METHOD_COVERED
event-planner-mini,edu.course.eventplanner,Main,251,0,23,0,83,0,18,0,2,0
event-planner-mini,edu.course.eventplanner.model,Venue,0,33,0,0,0,12,0,6,0,6
event-planner-mini,edu.course.eventplanner.model,Task,0,9,0,0,0,2,0,2,0,2
event-planner-mini,edu.course.eventplanner.model,Guest,0,15,0,0,0,6,0,3,0,3
event-planner-mini,edu.course.eventplanner.service,VenueSelector,15,90,4,14,1,19,3,8,0,2
event-planner-mini,edu.course.eventplanner.service,SeatingPlanner,0,110,0,12,0,23,0,8,0,2
event-planner-mini,edu.course.eventplanner.service,TaskManager,0,52,0,4,0,13,0,7,0,5
event-planner-mini,edu.course.eventplanner.service,GuestListManager,29,91,3,9,3,20,3,10,1,6
event-planner-mini,edu.course.eventplanner.util,Generators,75,0,2,0,7,0,4,0,3,0
