<?xml version="1.0" encoding="UTF-8"?>
<testsuite xmlns:xsi="http://www.w3.org/2001/XMLSchema-instance" xsi:noNamespaceSchemaLocation="https://maven.apache.org/surefire/maven-surefire-plugin/xsd/surefire-test-report-3.0.xsd" version="3.0" name="edu.course.eventplanner.TaskWorkflowTest" time="0.021" tests="10" errors="0" skipped="0" failures="0">
  <properties>
[...]
</properties>
  <testcase name="testStackAndQueueIntegrity" classname="edu.course.eventplanner.TaskWorkflowTest" time="0.002"/>
  <testcase name="testAddTask" classname="edu.course.eventplanner.TaskWorkflowTest" time="0.002"/>
  <testcase name="testUndoWithNoCompletedTasks" classname="edu.course.eventplanner.TaskWorkflowTest" time="0.0"/>
  <testcase name="testFIFOOrder" classname="edu.course.eventplanner.TaskWorkflowTest" time="0.003"/>
  <testcase name="testExecuteNextTask" classname="edu.course.eventplanner.TaskWorkflowTest" time="0.001"/>
  <testcase name="testMixedExecuteAndUndo" classname="edu.course.eventplanner.TaskWorkflowTest" time="0.002"/>
  <testcase name="testRemainingTaskCount" classname="edu.course.eventplanner.TaskWorkflowTest" time="0.002"/>
  <testcase name="testExecuteWithNoTasks" classname="edu.course.eventplanner.TaskWorkflowTest" time="0.0"/>
  <testcase name="testUndoLastTask" classname="edu.course.eventplanner.TaskWorkflowTest" time="0.003"/>
  <testcase name="testMultipleUndos" classname="edu.course.eventplanner.TaskWorkflowTest" time="0.001"/>
</testsuite>